<?xml version="1.0" encoding="UTF-8"?>
<!-- Generated by org.testng.reporters.JUnitXMLReporter -->
<testsuite ignored="0" hostname="DESKTOP-INM76MF" failures="0" tests="2" name="Default test" time="8.586" errors="0" timestamp="08 Apr 2021 19:20:55 GMT">
  <testcase classname="com.nbcuni.pizzaform.tests.PizzaFormTest" name="defectDisplayTest on [PizzaFormTest passed=0 failed=0 skipped=0]" time="1.515"/>
  <testcase classname="com.nbcuni.pizzaform.tests.PizzaFormTest" name="happypathTest on [PizzaFormTest passed=0 failed=0 skipped=0]" time="1.396"/>
</testsuite> <!-- Default test -->
