<?xml version="1.0" encoding="UTF-8"?>
<testng-results ignored="0" total="2" passed="2" failed="0" skipped="0">
  <reporter-output>
  </reporter-output>
  <suite started-at="2021-04-08T19:20:47Z" name="Default suite" finished-at="2021-04-08T19:20:55Z" duration-ms="8586">
    <groups>
    </groups>
    <test started-at="2021-04-08T19:20:47Z" name="Default test" finished-at="2021-04-08T19:20:55Z" duration-ms="8586">
      <class name="com.nbcuni.pizzaform.tests.PizzaFormTest">
        <test-method is-config="true" signature="beforeAllTestCase()[pri:0, instance:[PizzaFormTest passed=0 failed=0 skipped=0]]" started-at="2021-04-08T19:20:47Z" name="beforeAllTestCase" finished-at="2021-04-08T19:20:47Z" duration-ms="122" status="PASS">
          <reporter-output>
          </reporter-output>
        </test-method> <!-- beforeAllTestCase -->
        <test-method is-config="true" signature="beforeEachTestCase()[pri:0, instance:[PizzaFormTest passed=0 failed=0 skipped=0]]" started-at="2021-04-08T19:20:47Z" name="beforeEachTestCase" finished-at="2021-04-08T19:20:49Z" duration-ms="2405" status="PASS">
          <reporter-output>
          </reporter-output>
        </test-method> <!-- beforeEachTestCase -->
        <test-method signature="defectDisplayTest()[pri:0, instance:[PizzaFormTest passed=0 failed=0 skipped=0]]" started-at="2021-04-08T19:20:49Z" name="defectDisplayTest" finished-at="2021-04-08T19:20:51Z" duration-ms="1515" status="PASS">
          <reporter-output>
          </reporter-output>
        </test-method> <!-- defectDisplayTest -->
        <test-method is-config="true" signature="shutdown()[pri:0, instance:[PizzaFormTest passed=0 failed=0 skipped=0]]" started-at="2021-04-08T19:20:51Z" name="shutdown" finished-at="2021-04-08T19:20:52Z" duration-ms="680" status="PASS">
          <reporter-output>
          </reporter-output>
        </test-method> <!-- shutdown -->
        <test-method is-config="true" signature="beforeEachTestCase()[pri:0, instance:[PizzaFormTest passed=0 failed=0 skipped=0]]" started-at="2021-04-08T19:20:52Z" name="beforeEachTestCase" finished-at="2021-04-08T19:20:53Z" duration-ms="1400" status="PASS">
          <reporter-output>
          </reporter-output>
        </test-method> <!-- beforeEachTestCase -->
        <test-method signature="happypathTest()[pri:0, instance:[PizzaFormTest passed=0 failed=0 skipped=0]]" started-at="2021-04-08T19:20:53Z" name="happypathTest" finished-at="2021-04-08T19:20:54Z" duration-ms="1396" status="PASS">
          <reporter-output>
          </reporter-output>
        </test-method> <!-- happypathTest -->
        <test-method is-config="true" signature="shutdown()[pri:0, instance:[PizzaFormTest passed=0 failed=0 skipped=0]]" started-at="2021-04-08T19:20:54Z" name="shutdown" finished-at="2021-04-08T19:20:55Z" duration-ms="663" status="PASS">
          <reporter-output>
          </reporter-output>
        </test-method> <!-- shutdown -->
        <test-method is-config="true" signature="afterAllTestCase()[pri:0, instance:[PizzaFormTest passed=0 failed=0 skipped=0]]" started-at="2021-04-08T19:20:55Z" name="afterAllTestCase" finished-at="2021-04-08T19:20:55Z" duration-ms="381" status="PASS">
          <reporter-output>
          </reporter-output>
        </test-method> <!-- afterAllTestCase -->
      </class> <!-- com.nbcuni.pizzaform.tests.PizzaFormTest -->
    </test> <!-- Default test -->
  </suite> <!-- Default suite -->
</testng-results>
